  MiniginPCH.cpp
  AIComponent.cpp
  BaseCharacterComponent.cpp
  BaseComponent.cpp
  BorderBlock.cpp
  CollisionComponent.cpp
  CollisionManager.cpp
  CollisionObject.cpp
  CollsionBox.cpp
  CoopLevel.cpp
  DebugScene.cpp
  DigDugLevel.cpp
  DiggerCharacterComponent.cpp
  EmptyBlock.cpp
  Font.cpp
  FPSComponent.cpp
  FygarCharacterComponent.cpp
  GameObject.cpp
  GridComponent.cpp
  GridLevel.cpp
  InputComponent.cpp
  Compiling...
  InputManager.cpp
  LevelObject.cpp
  Log.cpp
  Main.cpp
  Minigin.cpp
  Observer.cpp
  PookaCharacterComponent.cpp
  PookaState.cpp
  Renderer.cpp
  ResourceManager.cpp
  RockBlock.cpp
  Scene.cpp
  SceneManager.cpp
  ScoreDisplay.cpp
  ServiceLocator.cpp
  Sprite.cpp
  SpriteComponent.cpp
  Subject.cpp
  TextObject.cpp
  TextRendererComponent.cpp
  Compiling...
  Texture2D.cpp
  Transform.cpp
     Creating library Z:\Minigin\Win32\Release\Minigin.lib and object Z:\Minigin\Win32\Release\Minigin.exp
  Generating code
  All 2059 functions were compiled because no usable IPDB/IOBJ from previous compilation was found.
  Finished generating code
  Minigin.vcxproj -> Z:\Minigin\Win32\Release\Minigin.exe
  Z:\Minigin\3rdParty\SDL2\lib\x86\SDL2.dll
  1 File(s) copied
  Z:\Minigin\3rdParty\SDL2_image\lib\x86\libjpeg-9.dll
  Z:\Minigin\3rdParty\SDL2_image\lib\x86\libpng16-16.dll
  Z:\Minigin\3rdParty\SDL2_image\lib\x86\libtiff-5.dll
  Z:\Minigin\3rdParty\SDL2_image\lib\x86\libwebp-7.dll
  Z:\Minigin\3rdParty\SDL2_image\lib\x86\SDL2_image.dll
  Z:\Minigin\3rdParty\SDL2_image\lib\x86\zlib1.dll
  6 File(s) copied
  Z:\Minigin\3rdParty\SDL2_ttf\lib\x86\libfreetype-6.dll
  Z:\Minigin\3rdParty\SDL2_ttf\lib\x86\SDL2_ttf.dll
  2 File(s) copied
