z:\minigin\minigin\win32\release\minigin.pch
z:\minigin\minigin\win32\release\vc141.pdb
z:\minigin\minigin\win32\release\miniginpch.obj
z:\minigin\minigin\win32\release\inputcomponent.obj
z:\minigin\minigin\win32\release\gridlevel.obj
z:\minigin\minigin\win32\release\gridcomponent.obj
z:\minigin\minigin\win32\release\gameobject.obj
z:\minigin\minigin\win32\release\fygarcharactercomponent.obj
z:\minigin\minigin\win32\release\fpscomponent.obj
z:\minigin\minigin\win32\release\font.obj
z:\minigin\minigin\win32\release\emptyblock.obj
z:\minigin\minigin\win32\release\diggercharactercomponent.obj
z:\minigin\minigin\win32\release\digduglevel.obj
z:\minigin\minigin\win32\release\debugscene.obj
z:\minigin\minigin\win32\release\cooplevel.obj
z:\minigin\minigin\win32\release\collsionbox.obj
z:\minigin\minigin\win32\release\collisionobject.obj
z:\minigin\minigin\win32\release\collisionmanager.obj
z:\minigin\minigin\win32\release\collisioncomponent.obj
z:\minigin\minigin\win32\release\borderblock.obj
z:\minigin\minigin\win32\release\basecomponent.obj
z:\minigin\minigin\win32\release\basecharactercomponent.obj
z:\minigin\minigin\win32\release\aicomponent.obj
z:\minigin\minigin\win32\release\textrenderercomponent.obj
z:\minigin\minigin\win32\release\textobject.obj
z:\minigin\minigin\win32\release\subject.obj
z:\minigin\minigin\win32\release\spritecomponent.obj
z:\minigin\minigin\win32\release\sprite.obj
z:\minigin\minigin\win32\release\servicelocator.obj
z:\minigin\minigin\win32\release\scoredisplay.obj
z:\minigin\minigin\win32\release\scenemanager.obj
z:\minigin\minigin\win32\release\scene.obj
z:\minigin\minigin\win32\release\rockblock.obj
z:\minigin\minigin\win32\release\resourcemanager.obj
z:\minigin\minigin\win32\release\renderer.obj
z:\minigin\minigin\win32\release\pookastate.obj
z:\minigin\minigin\win32\release\pookacharactercomponent.obj
z:\minigin\minigin\win32\release\observer.obj
z:\minigin\minigin\win32\release\minigin.obj
z:\minigin\minigin\win32\release\main.obj
z:\minigin\minigin\win32\release\log.obj
z:\minigin\minigin\win32\release\levelobject.obj
z:\minigin\minigin\win32\release\inputmanager.obj
z:\minigin\minigin\win32\release\transform.obj
z:\minigin\minigin\win32\release\texture2d.obj
z:\minigin\win32\release\minigin.exe
z:\minigin\win32\release\minigin.pdb
z:\minigin\win32\release\minigin.lib
z:\minigin\win32\release\minigin.exp
z:\minigin\win32\release\minigin.ipdb
z:\minigin\win32\release\minigin.iobj
z:\minigin\minigin\win32\release\minigin.tlog\cl.command.1.tlog
z:\minigin\minigin\win32\release\minigin.tlog\cl.read.1.tlog
z:\minigin\minigin\win32\release\minigin.tlog\cl.write.1.tlog
z:\minigin\minigin\win32\release\minigin.tlog\link.command.1.tlog
z:\minigin\minigin\win32\release\minigin.tlog\link.read.1.tlog
z:\minigin\minigin\win32\release\minigin.tlog\link.write.1.tlog
z:\minigin\minigin\win32\release\minigin.tlog\minigin.write.1u.tlog
