c:\users\ruben\desktop\minigin\minigin\x64\debug\vc141.pdb
c:\users\ruben\desktop\minigin\minigin\x64\debug\vc141.idb
c:\users\ruben\desktop\minigin\minigin\x64\debug\testscene.obj
c:\users\ruben\desktop\minigin\minigin\x64\debug\renderer.obj
c:\users\ruben\desktop\minigin\minigin\x64\debug\gridlevel.obj
c:\users\ruben\desktop\minigin\minigin\x64\debug\basecomponent.obj
c:\users\ruben\desktop\minigin\minigin\x64\debug\sprite.obj
c:\users\ruben\desktop\minigin\minigin\x64\debug\servicelocator.obj
c:\users\ruben\desktop\minigin\minigin\x64\debug\scenemanager.obj
c:\users\ruben\desktop\minigin\minigin\x64\debug\scene.obj
c:\users\ruben\desktop\minigin\minigin\x64\debug\resourcemanager.obj
c:\users\ruben\desktop\minigin\minigin\x64\debug\main.obj
c:\users\ruben\desktop\minigin\minigin\x64\debug\log.obj
c:\users\ruben\desktop\minigin\minigin\x64\debug\levelobject.obj
c:\users\ruben\desktop\minigin\minigin\x64\debug\inputmanager.obj
c:\users\ruben\desktop\minigin\minigin\x64\debug\inputcomponent.obj
c:\users\ruben\desktop\minigin\minigin\x64\debug\fpscomponent.obj
c:\users\ruben\desktop\minigin\minigin\x64\debug\font.obj
c:\users\ruben\desktop\minigin\minigin\x64\debug\digduglevel.obj
c:\users\ruben\desktop\minigin\minigin\x64\debug\transform.obj
c:\users\ruben\desktop\minigin\minigin\x64\debug\texture2d.obj
c:\users\ruben\desktop\minigin\minigin\x64\debug\textrenderercomponent.obj
c:\users\ruben\desktop\minigin\minigin\x64\debug\textobject.obj
c:\users\ruben\desktop\minigin\minigin\x64\debug\basecharactercomponent.obj
c:\users\ruben\desktop\minigin\minigin\x64\debug\gameobject.obj
c:\users\ruben\desktop\minigin\minigin\x64\debug\gridcomponent.obj
c:\users\ruben\desktop\minigin\minigin\x64\debug\spritecomponent.obj
c:\users\ruben\desktop\minigin\minigin\x64\debug\minigin.tlog\cl.command.1.tlog
c:\users\ruben\desktop\minigin\minigin\x64\debug\minigin.tlog\cl.read.1.tlog
c:\users\ruben\desktop\minigin\minigin\x64\debug\minigin.tlog\cl.write.1.tlog
