z:\minigin\minigin\win32\debug\vc141.pdb
z:\minigin\minigin\win32\debug\vc141.idb
z:\minigin\minigin\win32\debug\scenemanager.obj
z:\minigin\minigin\win32\debug\scene.obj
z:\minigin\minigin\win32\debug\classiclevel.obj
z:\minigin\minigin\win32\debug\minigin.pch
z:\minigin\minigin\win32\debug\miniginpch.obj
z:\minigin\minigin\win32\debug\log.obj
z:\minigin\minigin\win32\debug\levelobject.obj
z:\minigin\minigin\win32\debug\inputmanager.obj
z:\minigin\minigin\win32\debug\inputcomponent.obj
z:\minigin\minigin\win32\debug\gridmanager.obj
z:\minigin\minigin\win32\debug\gridlevel.obj
z:\minigin\minigin\win32\debug\gridcomponent.obj
z:\minigin\minigin\win32\debug\gameobject.obj
z:\minigin\minigin\win32\debug\fpscomponent.obj
z:\minigin\minigin\win32\debug\font.obj
z:\minigin\minigin\win32\debug\debugscene.obj
z:\minigin\minigin\win32\debug\dd.obj
z:\minigin\minigin\win32\debug\collsionbox.obj
z:\minigin\minigin\win32\debug\collisionobject.obj
z:\minigin\minigin\win32\debug\collisioncomponent.obj
z:\minigin\minigin\win32\debug\basecomponent.obj
z:\minigin\minigin\win32\debug\basecharactercomponent.obj
z:\minigin\minigin\win32\debug\aistatecomponent.obj
z:\minigin\minigin\win32\debug\velocitycomponent.obj
z:\minigin\minigin\win32\debug\transform.obj
z:\minigin\minigin\win32\debug\texture2d.obj
z:\minigin\minigin\win32\debug\textrenderercomponent.obj
z:\minigin\minigin\win32\debug\textobject.obj
z:\minigin\minigin\win32\debug\subject.obj
z:\minigin\minigin\win32\debug\spritecomponent.obj
z:\minigin\minigin\win32\debug\sprite.obj
z:\minigin\minigin\win32\debug\snobeeegg.obj
z:\minigin\minigin\win32\debug\snobeecomponent.obj
z:\minigin\minigin\win32\debug\servicelocator.obj
z:\minigin\minigin\win32\debug\resourcemanager.obj
z:\minigin\minigin\win32\debug\renderer.obj
z:\minigin\minigin\win32\debug\pengocharactercomponent.obj
z:\minigin\minigin\win32\debug\observer.obj
z:\minigin\minigin\win32\debug\minigin.obj
z:\minigin\minigin\win32\debug\mazegenerator.obj
z:\minigin\minigin\win32\debug\main.obj
z:\minigin\minigin\win32\debug\collisionmanager.obj
z:\minigin\minigin\win32\debug\cooplevel.obj
z:\minigin\win32\debug\minigin.exe
z:\minigin\win32\debug\minigin.ilk
z:\minigin\win32\debug\minigin.pdb
z:\minigin\win32\debug\minigin.lib
z:\minigin\win32\debug\minigin.exp
z:\minigin\minigin\win32\debug\cooplevel.obj.enc
z:\minigin\minigin\win32\debug\minigin.tlog\cl.command.1.tlog
z:\minigin\minigin\win32\debug\minigin.tlog\cl.read.1.tlog
z:\minigin\minigin\win32\debug\minigin.tlog\cl.write.1.tlog
z:\minigin\minigin\win32\debug\minigin.tlog\link.command.1.tlog
z:\minigin\minigin\win32\debug\minigin.tlog\link.read.1.tlog
z:\minigin\minigin\win32\debug\minigin.tlog\link.write.1.tlog
z:\minigin\minigin\win32\debug\minigin.tlog\minigin.write.1u.tlog
